<?xml version="1.0" encoding="UTF-8"?>
<!-- Generated by org.testng.reporters.JUnitReportReporter -->
<testsuite hostname="DESKTOP-IT8112N" failures="0" tests="1" name="Testcase.DataProviderfor" time="1.663" errors="0" timestamp="2022-09-14T17:34:41 IST" skipped="0">
  <testcase classname="Testcase.DataProviderfor" name="dataprovider123" time="1.663"/>
  <system-out/>
</testsuite> <!-- Testcase.DataProviderfor -->
