<?xml version="1.0" encoding="UTF-8"?>
<!-- Generated by org.testng.reporters.JUnitReportReporter -->
<testsuite hostname="DESKTOP-IT8112N" failures="0" tests="1" name="Testcase.Google" time="2.457" errors="0" timestamp="2022-09-21T14:31:06 IST" skipped="0">
  <testcase classname="Testcase.Google" name="google_req" time="2.457"/>
  <system-out/>
</testsuite> <!-- Testcase.Google -->
