<?xml version="1.0" encoding="UTF-8"?>
<!-- Generated by org.testng.reporters.JUnitReportReporter -->
<testsuite hostname="DESKTOP-IT8112N" failures="0" tests="1" name="Testcase.TC_GET" time="3.138" errors="0" timestamp="2022-09-15T12:39:27 IST" skipped="0">
  <testcase classname="Testcase.TC_GET" name="TestCase_02" time="3.138"/>
  <system-out/>
</testsuite> <!-- Testcase.TC_GET -->
