<?xml version="1.0" encoding="UTF-8"?>
<!-- Generated by org.testng.reporters.JUnitReportReporter -->
<testsuite hostname="DESKTOP-IT8112N" failures="0" tests="1" name="Testcase.TC_OWNDB" time="1.707" errors="0" timestamp="2022-09-20T16:06:57 IST" skipped="0">
  <testcase classname="Testcase.TC_OWNDB" name="dalete" time="1.707"/>
  <system-out/>
</testsuite> <!-- Testcase.TC_OWNDB -->
